# JRE version: Java(TM) SE Runtime Environment (8.0_101-b13) (build 1.8.0_101-b13)
# Java VM: Java HotSpot(TM) 64-Bit Server VM (25.101-b13 mixed mode windows-amd64 compressed oops)
Heap:
 PSYoungGen      total 458240K, used 294860K [0x00000000e0000000, 0x00000000ffe00000, 0x0000000100000000)
  eden space 398848K, 72% used [0x00000000e0000000,0x00000000f1bc9c20,0x00000000f8580000)
  from space 59392K, 7% used [0x00000000f8580000,0x00000000f89a9658,0x00000000fbf80000)
  to   space 58880K, 0% used [0x00000000fc480000,0x00000000fc480000,0x00000000ffe00000)
 ParOldGen       total 224256K, used 157196K [0x00000000a0000000, 0x00000000adb00000, 0x00000000e0000000)
  object space 224256K, 70% used [0x00000000a0000000,0x00000000a9983388,0x00000000adb00000)
 Metaspace       used 87652K, capacity 93846K, committed 94128K, reserved 1130496K
  class space    used 11478K, capacity 12923K, committed 12976K, reserved 1048576K
GC Heap History (10 events):
Event: 7398.817 GC heap before
{Heap before GC invocations=30 (full 5):
 PSYoungGen      total 440832K, used 406836K [0x00000000e0000000, 0x00000000ff480000, 0x0000000100000000)
  eden space 384512K, 100% used [0x00000000e0000000,0x00000000f7780000,0x00000000f7780000)
  from space 56320K, 39% used [0x00000000fbd80000,0x00000000fd34d028,0x00000000ff480000)
  to   space 64000K, 0% used [0x00000000f7780000,0x00000000f7780000,0x00000000fb600000)
 ParOldGen       total 224256K, used 137959K [0x00000000a0000000, 0x00000000adb00000, 0x00000000e0000000)
  object space 224256K, 61% used [0x00000000a0000000,0x00000000a86b9f48,0x00000000adb00000)
 Metaspace       used 85551K, capacity 90464K, committed 90544K, reserved 1128448K
  class space    used 11241K, capacity 12430K, committed 12464K, reserved 1048576K
Event: 7398.941 GC heap after
Heap after GC invocations=30 (full 5):
 PSYoungGen      total 448512K, used 36533K [0x00000000e0000000, 0x0000000100000000, 0x0000000100000000)
  eden space 384512K, 0% used [0x00000000e0000000,0x00000000e0000000,0x00000000f7780000)
  from space 64000K, 57% used [0x00000000f7780000,0x00000000f9b2d610,0x00000000fb600000)
  to   space 65024K, 0% used [0x00000000fc080000,0x00000000fc080000,0x0000000100000000)
 ParOldGen       total 224256K, used 137959K [0x00000000a0000000, 0x00000000adb00000, 0x00000000e0000000)
  object space 224256K, 61% used [0x00000000a0000000,0x00000000a86b9f48,0x00000000adb00000)
 Metaspace       used 85551K, capacity 90464K, committed 90544K, reserved 1128448K
  class space    used 11241K, capacity 12430K, committed 12464K, reserved 1048576K
}
Event: 7496.168 GC heap before
{Heap before GC invocations=31 (full 5):
 PSYoungGen      total 448512K, used 420587K [0x00000000e0000000, 0x0000000100000000, 0x0000000100000000)
  eden space 384512K, 99% used [0x00000000e0000000,0x00000000f770d750,0x00000000f7780000)
  from space 64000K, 57% used [0x00000000f7780000,0x00000000f9b2d610,0x00000000fb600000)
  to   space 65024K, 0% used [0x00000000fc080000,0x00000000fc080000,0x0000000100000000)
 ParOldGen       total 224256K, used 137959K [0x00000000a0000000, 0x00000000adb00000, 0x00000000e0000000)
  object space 224256K, 61% used [0x00000000a0000000,0x00000000a86b9f48,0x00000000adb00000)
 Metaspace       used 85820K, capacity 90732K, committed 90928K, reserved 1128448K
  class space    used 11253K, capacity 12472K, committed 12592K, reserved 1048576K
Event: 7496.211 GC heap after
Heap after GC invocations=31 (full 5):
 PSYoungGen      total 458240K, used 29425K [0x00000000e0000000, 0x00000000ffe00000, 0x0000000100000000)
  eden space 395264K, 0% used [0x00000000e0000000,0x00000000e0000000,0x00000000f8200000)
  from space 62976K, 46% used [0x00000000fc080000,0x00000000fdd3c648,0x00000000ffe00000)
  to   space 63488K, 0% used [0x00000000f8200000,0x00000000f8200000,0x00000000fc000000)
 ParOldGen       total 224256K, used 137967K [0x00000000a0000000, 0x00000000adb00000, 0x00000000e0000000)
  object space 224256K, 61% used [0x00000000a0000000,0x00000000a86bbf48,0x00000000adb00000)
 Metaspace       used 85820K, capacity 90732K, committed 90928K, reserved 1128448K
  class space    used 11253K, capacity 12472K, committed 12592K, reserved 1048576K
}
Event: 7496.341 GC heap before
{Heap before GC invocations=32 (full 5):
 PSYoungGen      total 458240K, used 424327K [0x00000000e0000000, 0x00000000ffe00000, 0x0000000100000000)
  eden space 395264K, 99% used [0x00000000e0000000,0x00000000f81a5628,0x00000000f8200000)
  from space 62976K, 46% used [0x00000000fc080000,0x00000000fdd3c648,0x00000000ffe00000)
  to   space 63488K, 0% used [0x00000000f8200000,0x00000000f8200000,0x00000000fc000000)
 ParOldGen       total 224256K, used 137967K [0x00000000a0000000, 0x00000000adb00000, 0x00000000e0000000)
  object space 224256K, 61% used [0x00000000a0000000,0x00000000a86bbf48,0x00000000adb00000)
 Metaspace       used 85825K, capacity 90732K, committed 90928K, reserved 1128448K
  class space    used 11253K, capacity 12472K, committed 12592K, reserved 1048576K
Event: 7496.376 GC heap after
Heap after GC invocations=32 (full 5):
 PSYoungGen      total 421376K, used 26018K [0x00000000e0000000, 0x00000000ffa80000, 0x0000000100000000)
  eden space 395264K, 0% used [0x00000000e0000000,0x00000000e0000000,0x00000000f8200000)
  from space 26112K, 99% used [0x00000000f8200000,0x00000000f9b68890,0x00000000f9b80000)
  to   space 60416K, 0% used [0x00000000fbf80000,0x00000000fbf80000,0x00000000ffa80000)
 ParOldGen       total 224256K, used 137967K [0x00000000a0000000, 0x00000000adb00000, 0x00000000e0000000)
  object space 224256K, 61% used [0x00000000a0000000,0x00000000a86bbf48,0x00000000adb00000)
 Metaspace       used 85825K, capacity 90732K, committed 90928K, reserved 1128448K
  class space    used 11253K, capacity 12472K, committed 12592K, reserved 1048576K
}
Event: 9012.300 GC heap before
{Heap before GC invocations=33 (full 5):
 PSYoungGen      total 421376K, used 421282K [0x00000000e0000000, 0x00000000ffa80000, 0x0000000100000000)
  eden space 395264K, 100% used [0x00000000e0000000,0x00000000f8200000,0x00000000f8200000)
  from space 26112K, 99% used [0x00000000f8200000,0x00000000f9b68890,0x00000000f9b80000)
  to   space 60416K, 0% used [0x00000000fbf80000,0x00000000fbf80000,0x00000000ffa80000)
 ParOldGen       total 224256K, used 137967K [0x00000000a0000000, 0x00000000adb00000, 0x00000000e0000000)
  object space 224256K, 61% used [0x00000000a0000000,0x00000000a86bbf48,0x00000000adb00000)
 Metaspace       used 86336K, capacity 91692K, committed 91824K, reserved 1128448K
  class space    used 11322K, capacity 12608K, committed 12720K, reserved 1048576K
Event: 9039.802 GC heap after
Heap after GC invocations=33 (full 5):
 PSYoungGen      total 459264K, used 6616K [0x00000000e0000000, 0x0000000100000000, 0x0000000100000000)
  eden space 398848K, 0% used [0x00000000e0000000,0x00000000e0000000,0x00000000f8580000)
  from space 60416K, 10% used [0x00000000fbf80000,0x00000000fc5f6068,0x00000000ffa80000)
  to   space 59392K, 0% used [0x00000000f8580000,0x00000000f8580000,0x00000000fbf80000)
 ParOldGen       total 224256K, used 155452K [0x00000000a0000000, 0x00000000adb00000, 0x00000000e0000000)
  object space 224256K, 69% used [0x00000000a0000000,0x00000000a97cf2e8,0x00000000adb00000)
 Metaspace       used 86336K, capacity 91692K, committed 91824K, reserved 1128448K
  class space    used 11322K, capacity 12608K, committed 12720K, reserved 1048576K
}
Event: 11387.005 GC heap before
{Heap before GC invocations=34 (full 5):
 PSYoungGen      total 459264K, used 405464K [0x00000000e0000000, 0x0000000100000000, 0x0000000100000000)
  eden space 398848K, 100% used [0x00000000e0000000,0x00000000f8580000,0x00000000f8580000)
  from space 60416K, 10% used [0x00000000fbf80000,0x00000000fc5f6068,0x00000000ffa80000)
  to   space 59392K, 0% used [0x00000000f8580000,0x00000000f8580000,0x00000000fbf80000)
 ParOldGen       total 224256K, used 155452K [0x00000000a0000000, 0x00000000adb00000, 0x00000000e0000000)
  object space 224256K, 69% used [0x00000000a0000000,0x00000000a97cf2e8,0x00000000adb00000)
 Metaspace       used 87112K, capacity 93160K, committed 93360K, reserved 1130496K
  class space    used 11440K, capacity 12858K, committed 12976K, reserved 1048576K
Event: 11425.617 GC heap after
Heap after GC invocations=34 (full 5):
 PSYoungGen      total 458240K, used 4261K [0x00000000e0000000, 0x00000000ffe00000, 0x0000000100000000)
  eden space 398848K, 0% used [0x00000000e0000000,0x00000000e0000000,0x00000000f8580000)
  from space 59392K, 7% used [0x00000000f8580000,0x00000000f89a9658,0x00000000fbf80000)
  to   space 58880K, 0% used [0x00000000fc480000,0x00000000fc480000,0x00000000ffe00000)
 ParOldGen       total 224256K, used 157196K [0x00000000a0000000, 0x00000000adb00000, 0x00000000e0000000)
  object space 224256K, 70% used [0x00000000a0000000,0x00000000a9983388,0x00000000adb00000)
 Metaspace       used 87112K, capacity 93160K, committed 93360K, reserved 1130496K
  class space    used 11440K, capacity 12858K, committed 12976K, reserved 1048576K
}

